[?1049h[?25l[?2026h[H[2J[38;5;2m╔═════════╗
║IT WORKS!║
╚═════════╝[0m
[38;5;8mPress q to quit[0m[?2026l[?2026h[H[2J[38;5;2m╔═════════╗
║IT WORKS!║
╚═════════╝[0m
[38;5;8mPress q to quit[0m[?2026l[?2026h[H[2J[38;5;2m╔═════════╗
║IT WORKS!║
╚═════════╝[0m
[38;5;8mPress q to quit[0m[?2026l[?2026h[H[2J[38;5;2m╔═════════╗
║IT WORKS!║
╚═════════╝[0m
[38;5;8mPress q to quit[0m[?2026l[?2026h[H[2J[38;5;2m╔═════════╗
║IT WORKS!║
╚═════════╝[0m
[38;5;8mPress q to quit[0m[?2026l[?2026h[H[2J[38;5;2m╔═════════╗
║IT WORKS!║
╚═════════╝[0m
[38;5;8mPress q to quit[0m[?2026l[?2026h[H[2J[38;5;2m╔═════════╗
║IT WORKS!║
╚═════════╝[0m
[38;5;8mPress q to quit[0m[?2026l[?2026h[H[2J[38;5;2m╔═════════╗
║IT WORKS!║
╚═════════╝[0m
[38;5;8mPress q to quit[0m[?2026l[?2026h[H[2J[38;5;2m╔═════════╗
║IT WORKS!║
╚═════════╝[0m
[38;5;8mPress q to quit[0m[?2026l[?2026h[H[2J[38;5;2m╔═════════╗
║IT WORKS!║
╚═════════╝[0m
[38;5;8mPress q to quit[0m[?2026l[?2026h[H[2J[38;5;2m╔═════════╗
║IT WORKS!║
╚═════════╝[0m
[38;5;8mPress q to quit[0m[?2026l[?2026h[H[2J[38;5;2m╔═════════╗
║IT WORKS!║
╚═════════╝[0m
[38;5;8mPress q to quit[0m[?2026l[?2026h[H[2J[38;5;2m╔═════════╗
║IT WORKS!║
╚═════════╝[0m
[38;5;8mPress q to quit[0m[?2026l[?2026h[H[2J[38;5;2m╔═════════╗
║IT WORKS!║
╚═════════╝[0m
[38;5;8mPress q to quit[0m[?2026l[?2026h[H[2J[38;5;2m╔═════════╗
║IT WORKS!║
╚═════════╝[0m
[38;5;8mPress q to quit[0m[?2026l[?2026h[H[2J[38;5;2m╔═════════╗
║IT WORKS!║
╚═════════╝[0m
[38;5;8mPress q to quit[0m[?2026l[?2026h[H[2J[38;5;2m╔═════════╗
║IT WORKS!║
╚═════════╝[0m
[38;5;8mPress q to quit[0m[?2026l[?2026h[H[2J[38;5;2m╔═════════╗
║IT WORKS!║
╚═════════╝[0m
[38;5;8mPress q to quit[0m[?2026l[?2026h[H[2J[38;5;2m╔═════════╗
║IT WORKS!║
╚═════════╝[0m
[38;5;8mPress q to quit[0m[?2026l[?2026h[H[2J[38;5;2m╔═════════╗
║IT WORKS!║
╚═════════╝[0m
[38;5;8mPress q to quit[0m[?2026l[?2026h[H[2J[38;5;2m╔═════════╗
║IT WORKS!║
╚═════════╝[0m
[38;5;8mPress q to quit[0m[?2026l[?2026h[H[2J[38;5;2m╔═════════╗
║IT WORKS!║
╚═════════╝[0m
[38;5;8mPress q to quit[0m[?2026l[?2026h[H[2J[38;5;2m╔═════════╗
║IT WORKS!║
╚═════════╝[0m
[38;5;8mPress q to quit[0m[?2026l[?2026h[H[2J[38;5;2m╔═════════╗
║IT WORKS!║
╚═════════╝[0m
[38;5;8mPress q to quit[0m[?2026l[?2026h[H[2J[38;5;2m╔═════════╗
║IT WORKS!║
╚═════════╝[0m
[38;5;8mPress q to quit[0m[?2026l[?2026h[H[2J[38;5;2m╔═════════╗
║IT WORKS!║
╚═════════╝[0m
[38;5;8mPress q to quit[0m[?2026l[?2026h[H[2J[38;5;2m╔═════════╗
║IT WORKS!║
╚═════════╝[0m
[38;5;8mPress q to quit[0m[?2026l[?2026h[H[2J[38;5;2m╔═════════╗
║IT WORKS!║
╚═════════╝[0m
[38;5;8mPress q to quit[0m[?2026l[?2026h[H[2J[38;5;2m╔═════════╗
║IT WORKS!║
╚═════════╝[0m
[38;5;8mPress q to quit[0m[?2026l[?2026h[H[2J[38;5;2m╔═════════╗
║IT WORKS!║
╚═════════╝[0m
[38;5;8mPress q to quit[0m[?2026l[?2026h[H[2J[38;5;2m╔═════════╗
║IT WORKS!║
╚═════════╝[0m
[38;5;8mPress q to quit[0m[?2026l[?2026h[H[2J[38;5;2m╔═════════╗
║IT WORKS!║
╚═════════╝[0m
[38;5;8mPress q to quit[0m[?2026l[?2026h[H[2J[38;5;2m╔═════════╗
║IT WORKS!║
╚═════════╝[0m
[38;5;8mPress q to quit[0m[?2026l[?2026h[H[2J[38;5;2m╔═════════╗
║IT WORKS!║
╚═════════╝[0m
[38;5;8mPress q to quit[0m[?2026l[?2026h[H[2J[38;5;2m╔═════════╗
║IT WORKS!║
╚═════════╝[0m
[38;5;8mPress q to quit[0m[?2026l[?2026h[H[2J[38;5;2m╔═════════╗
║IT WORKS!║
╚═════════╝[0m
[38;5;8mPress q to quit[0m[?2026l[?2026h[H[2J[38;5;2m╔═════════╗
║IT WORKS!║
╚═════════╝[0m
[38;5;8mPress q to quit[0m[?2026l[?2026h[H[2J[38;5;2m╔═════════╗
║IT WORKS!║
╚═════════╝[0m
[38;5;8mPress q to quit[0m[?2026l[?2026h[H[2J[38;5;2m╔═════════╗
║IT WORKS!║
╚═════════╝[0m
[38;5;8mPress q to quit[0m[?2026l[?2026h[H[2J[38;5;2m╔═════════╗
║IT WORKS!║
╚═════════╝[0m
[38;5;8mPress q to quit[0m[?2026l[?2026h[H[2J[38;5;2m╔═════════╗
║IT WORKS!║
╚═════════╝[0m
[38;5;8mPress q to quit[0m[?2026l[?2026h[H[2J[38;5;2m╔═════════╗
║IT WORKS!║
╚═════════╝[0m
[38;5;8mPress q to quit[0m[?2026l[?2026h[H[2J[38;5;2m╔═════════╗
║IT WORKS!║
╚═════════╝[0m
[38;5;8mPress q to quit[0m[?2026l[?2026h[H[2J[38;5;2m╔═════════╗
║IT WORKS!║
╚═════════╝[0m
[38;5;8mPress q to quit[0m[?2026l[?2026h[H[2J[38;5;2m╔═════════╗
║IT WORKS!║
╚═════════╝[0m
[38;5;8mPress q to quit[0m[?2026l[?2026h[H[2J[38;5;2m╔═════════╗
║IT WORKS!║
╚═════════╝[0m
[38;5;8mPress q to quit[0m[?2026l[?2026h[H[2J[38;5;2m╔═════════╗
║IT WORKS!║
╚═════════╝[0m
[38;5;8mPress q to quit[0m[?2026l[?2026h[H[2J[38;5;2m╔═════════╗
║IT WORKS!║
╚═════════╝[0m
[38;5;8mPress q to quit[0m[?2026l[?2026h[H[2J[38;5;2m╔═════════╗
║IT WORKS!║
╚═════════╝[0m
[38;5;8mPress q to quit[0m[?2026l[?2026h[H[2J[38;5;2m╔═════════╗
║IT WORKS!║
╚═════════╝[0m
[38;5;8mPress q to quit[0m[?2026l[?2026h[H[2J[38;5;2m╔═════════╗
║IT WORKS!║
╚═════════╝[0m
[38;5;8mPress q to quit[0m[?2026l[?2026h[H[2J[38;5;2m╔═════════╗
║IT WORKS!║
╚═════════╝[0m
[38;5;8mPress q to quit[0m[?2026l[?2026h[H[2J[38;5;2m╔═════════╗
║IT WORKS!║
╚═════════╝[0m
[38;5;8mPress q to quit[0m[?2026l[?2026h[H[2J[38;5;2m╔═════════╗
║IT WORKS!║
╚═════════╝[0m
[38;5;8mPress q to quit[0m[?2026l[?2026h[H[2J[38;5;2m╔═════════╗
║IT WORKS!║
╚═════════╝[0m
[38;5;8mPress q to quit[0m[?2026l[?2026h[H[2J[38;5;2m╔═════════╗
║IT WORKS!║
╚═════════╝[0m
[38;5;8mPress q to quit[0m[?2026l[?2026h[H[2J[38;5;2m╔═════════╗
║IT WORKS!║
╚═════════╝[0m
[38;5;8mPress q to quit[0m[?2026l[?2026h[H[2J[38;5;2m╔═════════╗
║IT WORKS!║
╚═════════╝[0m
[38;5;8mPress q to quit[0m[?2026l[?2026h[H[2J[38;5;2m╔═════════╗
║IT WORKS!║
╚═════════╝[0m
[38;5;8mPress q to quit[0m[?2026l[?2026h[H[2J[38;5;2m╔═════════╗
║IT WORKS!║
╚═════════╝[0m
[38;5;8mPress q to quit[0m[?2026l[?2026h[H[2J[38;5;2m╔═════════╗
║IT WORKS!║
╚═════════╝[0m
[38;5;8mPress q to quit[0m[?2026l[?2026h[H[2J[38;5;2m╔═════════╗
║IT WORKS!║
╚═════════╝[0m
[38;5;8mPress q to quit[0m[?2026l[?2026h[H[2J[38;5;2m╔═════════╗
║IT WORKS!║
╚═════════╝[0m
[38;5;8mPress q to quit[0m[?2026l[?2026h[H[2J[38;5;2m╔═════════╗
║IT WORKS!║
╚═════════╝[0m
[38;5;8mPress q to quit[0m[?2026l[?2026h[H[2J[38;5;2m╔═════════╗
║IT WORKS!║
╚═════════╝[0m
[38;5;8mPress q to quit[0m[?2026l[?2026h[H[2J[38;5;2m╔═════════╗
║IT WORKS!║
╚═════════╝[0m
[38;5;8mPress q to quit[0m[?2026l[?2026h[H[2J[38;5;2m╔═════════╗
║IT WORKS!║
╚═════════╝[0m
[38;5;8mPress q to quit[0m[?2026l[?1049l[?25hWARNING: (tuition app): imported module (fibers) overrides core binding `sleep'
