[
  {
    "id": 3,
    "type": "output",
    "orientation": "none",
    "percent": 1.0,
    "urgent": false,
    "marks": [],
    "layout": "output",
    "border": "none",
    "current_border_width": 0,
    "rect": {
      "x": 0,
      "y": 0,
      "width": 1280,
      "height": 1024
    },
    "deco_rect": {
      "x": 0,
      "y": 0,
      "width": 0,
      "height": 0
    },
    "window_rect": {
      "x": 0,
      "y": 0,
      "width": 0,
      "height": 0
    },
    "geometry": {
      "x": 0,
      "y": 0,
      "width": 0,
      "height": 0
    },
    "name": "HDMI-A-1",
    "window": null,
    "nodes": [],
    "floating_nodes": [],
    "focus": [
      228,
      459,
      547,
      244,
      394,
      4,
      352,
      48,
      18
    ],
    "fullscreen_mode": 0,
    "sticky": false,
    "floating": null,
    "scratchpad_state": null,
    "primary": false,
    "make": "AY_",
    "model": "0x02FD",
    "serial": "0x11F0E976",
    "modes": [
      {
        "width": 1280,
        "height": 1024,
        "refresh": 75025,
        "picture_aspect_ratio": "none"
      },
      {
        "width": 1280,
        "height": 1024,
        "refresh": 60020,
        "picture_aspect_ratio": "none"
      },
      {
        "width": 1280,
        "height": 960,
        "refresh": 60000,
        "picture_aspect_ratio": "none"
      },
      {
        "width": 1024,
        "height": 768,
        "refresh": 75029,
        "picture_aspect_ratio": "none"
      },
      {
        "width": 1024,
        "height": 768,
        "refresh": 70069,
        "picture_aspect_ratio": "none"
      },
      {
        "width": 1024,
        "height": 768,
        "refresh": 60004,
        "picture_aspect_ratio": "none"
      },
      {
        "width": 1024,
        "height": 768,
        "refresh": 60004,
        "picture_aspect_ratio": "none"
      },
      {
        "width": 800,
        "height": 600,
        "refresh": 75000,
        "picture_aspect_ratio": "none"
      },
      {
        "width": 800,
        "height": 600,
        "refresh": 72188,
        "picture_aspect_ratio": "none"
      },
      {
        "width": 800,
        "height": 600,
        "refresh": 60317,
        "picture_aspect_ratio": "none"
      },
      {
        "width": 800,
        "height": 600,
        "refresh": 56250,
        "picture_aspect_ratio": "none"
      },
      {
        "width": 720,
        "height": 480,
        "refresh": 60000,
        "picture_aspect_ratio": "4:3"
      },
      {
        "width": 720,
        "height": 480,
        "refresh": 59940,
        "picture_aspect_ratio": "none"
      },
      {
        "width": 640,
        "height": 480,
        "refresh": 75000,
        "picture_aspect_ratio": "none"
      },
      {
        "width": 640,
        "height": 480,
        "refresh": 72809,
        "picture_aspect_ratio": "none"
      },
      {
        "width": 640,
        "height": 480,
        "refresh": 63074,
        "picture_aspect_ratio": "none"
      },
      {
        "width": 640,
        "height": 480,
        "refresh": 60000,
        "picture_aspect_ratio": "4:3"
      },
      {
        "width": 640,
        "height": 480,
        "refresh": 59940,
        "picture_aspect_ratio": "none"
      },
      {
        "width": 720,
        "height": 400,
        "refresh": 70082,
        "picture_aspect_ratio": "none"
      }
    ],
    "non_desktop": false,
    "active": true,
    "dpms": true,
    "power": true,
    "scale": 1.0,
    "scale_filter": "nearest",
    "transform": "normal",
    "adaptive_sync_status": "disabled",
    "current_workspace": "5",
    "current_mode": {
      "width": 1280,
      "height": 1024,
      "refresh": 75025,
      "picture_aspect_ratio": "none"
    },
    "max_render_time": 0,
    "allow_tearing": false,
    "focused": true,
    "subpixel_hinting": "unknown"
  }
]
